# JRE version: OpenJDK Runtime Environment (17.0.6) (build 17.0.6+0-b2043.56-10027231)
# Java VM: OpenJDK 64-Bit Server VM (17.0.6+0-b2043.56-10027231, mixed mode, tiered, compressed oops, compressed class ptrs, g1 gc, windows-amd64)
GC Precious Log:
 CPUs: 8 total, 8 available
 Memory: 16230M
 Large Page Support: Disabled
 NUMA Support: Disabled
 Compressed Oops: Enabled (32-bit)
 Heap Region Size: 1M
 Heap Min Capacity: 8M
 Heap Initial Capacity: 254M
 Heap Max Capacity: 1536M
 Pre-touch: Disabled
 Parallel Workers: 8
 Concurrent Workers: 2
 Concurrent Refinement Workers: 8
 Periodic GC: Disabled
Heap:
 garbage-first heap   total 288768K, used 168842K [0x00000000a0000000, 0x0000000100000000)
  region size 1024K, 25 young (25600K), 9 survivors (9216K)
 Metaspace       used 114169K, committed 115264K, reserved 1155072K
  class space    used 15596K, committed 16128K, reserved 1048576K
GC Heap History (20 events):
Event: 45.262 GC heap before
{Heap before GC invocations=55 (full 0):
 garbage-first heap   total 155648K, used 129892K [0x00000000a0000000, 0x0000000100000000)
  region size 1024K, 16 young (16384K), 2 survivors (2048K)
 Metaspace       used 94191K, committed 95168K, reserved 1138688K
  class space    used 13055K, committed 13504K, reserved 1048576K
}
Event: 45.270 GC heap after
{Heap after GC invocations=56 (full 0):
 garbage-first heap   total 288768K, used 122051K [0x00000000a0000000, 0x0000000100000000)
  region size 1024K, 2 young (2048K), 2 survivors (2048K)
 Metaspace       used 94191K, committed 95168K, reserved 1138688K
  class space    used 13055K, committed 13504K, reserved 1048576K
}
Event: 47.534 GC heap before
{Heap before GC invocations=56 (full 0):
 garbage-first heap   total 288768K, used 204995K [0x00000000a0000000, 0x0000000100000000)
  region size 1024K, 83 young (84992K), 2 survivors (2048K)
 Metaspace       used 100791K, committed 101760K, reserved 1138688K
  class space    used 13962K, committed 14400K, reserved 1048576K
}
Event: 47.550 GC heap after
{Heap after GC invocations=57 (full 0):
 garbage-first heap   total 288768K, used 131175K [0x00000000a0000000, 0x0000000100000000)
  region size 1024K, 11 young (11264K), 11 survivors (11264K)
 Metaspace       used 100791K, committed 101760K, reserved 1138688K
  class space    used 13962K, committed 14400K, reserved 1048576K
}
Event: 49.447 GC heap before
{Heap before GC invocations=57 (full 0):
 garbage-first heap   total 288768K, used 210023K [0x00000000a0000000, 0x0000000100000000)
  region size 1024K, 88 young (90112K), 11 survivors (11264K)
 Metaspace       used 103209K, committed 104256K, reserved 1146880K
  class space    used 14255K, committed 14720K, reserved 1048576K
}
Event: 49.477 GC heap after
{Heap after GC invocations=58 (full 0):
 garbage-first heap   total 288768K, used 145377K [0x00000000a0000000, 0x0000000100000000)
  region size 1024K, 11 young (11264K), 11 survivors (11264K)
 Metaspace       used 103209K, committed 104256K, reserved 1146880K
  class space    used 14255K, committed 14720K, reserved 1048576K
}
Event: 50.597 GC heap before
{Heap before GC invocations=58 (full 0):
 garbage-first heap   total 288768K, used 216033K [0x00000000a0000000, 0x0000000100000000)
  region size 1024K, 80 young (81920K), 11 survivors (11264K)
 Metaspace       used 104153K, committed 105152K, reserved 1146880K
  class space    used 14412K, committed 14848K, reserved 1048576K
}
Event: 50.616 GC heap after
{Heap after GC invocations=59 (full 0):
 garbage-first heap   total 288768K, used 152295K [0x00000000a0000000, 0x0000000100000000)
  region size 1024K, 7 young (7168K), 7 survivors (7168K)
 Metaspace       used 104153K, committed 105152K, reserved 1146880K
  class space    used 14412K, committed 14848K, reserved 1048576K
}
Event: 80.461 GC heap before
{Heap before GC invocations=59 (full 0):
 garbage-first heap   total 288768K, used 223975K [0x00000000a0000000, 0x0000000100000000)
  region size 1024K, 76 young (77824K), 7 survivors (7168K)
 Metaspace       used 111755K, committed 112768K, reserved 1146880K
  class space    used 15404K, committed 15872K, reserved 1048576K
}
Event: 80.477 GC heap after
{Heap after GC invocations=60 (full 0):
 garbage-first heap   total 288768K, used 157966K [0x00000000a0000000, 0x0000000100000000)
  region size 1024K, 7 young (7168K), 7 survivors (7168K)
 Metaspace       used 111755K, committed 112768K, reserved 1146880K
  class space    used 15404K, committed 15872K, reserved 1048576K
}
Event: 87.376 GC heap before
{Heap before GC invocations=60 (full 0):
 garbage-first heap   total 288768K, used 226574K [0x00000000a0000000, 0x0000000100000000)
  region size 1024K, 75 young (76800K), 7 survivors (7168K)
 Metaspace       used 112969K, committed 114048K, reserved 1155072K
  class space    used 15467K, committed 15936K, reserved 1048576K
}
Event: 87.390 GC heap after
{Heap after GC invocations=61 (full 0):
 garbage-first heap   total 288768K, used 160232K [0x00000000a0000000, 0x0000000100000000)
  region size 1024K, 4 young (4096K), 4 survivors (4096K)
 Metaspace       used 112969K, committed 114048K, reserved 1155072K
  class space    used 15467K, committed 15936K, reserved 1048576K
}
Event: 87.548 GC heap before
{Heap before GC invocations=61 (full 0):
 garbage-first heap   total 288768K, used 167400K [0x00000000a0000000, 0x0000000100000000)
  region size 1024K, 13 young (13312K), 4 survivors (4096K)
 Metaspace       used 113025K, committed 114048K, reserved 1155072K
  class space    used 15474K, committed 15936K, reserved 1048576K
}
Event: 87.731 GC heap after
{Heap after GC invocations=62 (full 1):
 garbage-first heap   total 288768K, used 144619K [0x00000000a0000000, 0x0000000100000000)
  region size 1024K, 0 young (0K), 0 survivors (0K)
 Metaspace       used 113025K, committed 114048K, reserved 1155072K
  class space    used 15474K, committed 15936K, reserved 1048576K
}
Event: 87.743 GC heap before
{Heap before GC invocations=62 (full 1):
 garbage-first heap   total 288768K, used 144619K [0x00000000a0000000, 0x0000000100000000)
  region size 1024K, 1 young (1024K), 0 survivors (0K)
 Metaspace       used 113025K, committed 114048K, reserved 1155072K
  class space    used 15474K, committed 15936K, reserved 1048576K
}
Event: 87.889 GC heap after
{Heap after GC invocations=63 (full 2):
 garbage-first heap   total 288768K, used 144619K [0x00000000a0000000, 0x0000000100000000)
  region size 1024K, 0 young (0K), 0 survivors (0K)
 Metaspace       used 113025K, committed 114048K, reserved 1155072K
  class space    used 15474K, committed 15936K, reserved 1048576K
}
Event: 87.902 GC heap before
{Heap before GC invocations=63 (full 2):
 garbage-first heap   total 288768K, used 144619K [0x00000000a0000000, 0x0000000100000000)
  region size 1024K, 1 young (1024K), 0 survivors (0K)
 Metaspace       used 113025K, committed 114048K, reserved 1155072K
  class space    used 15474K, committed 15936K, reserved 1048576K
}
Event: 88.050 GC heap after
{Heap after GC invocations=64 (full 3):
 garbage-first heap   total 288768K, used 144618K [0x00000000a0000000, 0x0000000100000000)
  region size 1024K, 0 young (0K), 0 survivors (0K)
 Metaspace       used 113025K, committed 114048K, reserved 1155072K
  class space    used 15474K, committed 15936K, reserved 1048576K
}
Event: 211.712 GC heap before
{Heap before GC invocations=64 (full 3):
 garbage-first heap   total 288768K, used 226538K [0x00000000a0000000, 0x0000000100000000)
  region size 1024K, 81 young (82944K), 0 survivors (0K)
 Metaspace       used 114127K, committed 115264K, reserved 1155072K
  class space    used 15596K, committed 16128K, reserved 1048576K
}
Event: 211.724 GC heap after
{Heap after GC invocations=65 (full 3):
 garbage-first heap   total 288768K, used 153482K [0x00000000a0000000, 0x0000000100000000)
  region size 1024K, 9 young (9216K), 9 survivors (9216K)
 Metaspace       used 114127K, committed 115264K, reserved 1155072K
  class space    used 15596K, committed 16128K, reserved 1048576K
}

