# JRE version: OpenJDK Runtime Environment (17.0.6) (build 17.0.6+0-b2043.56-10027231)
# Java VM: OpenJDK 64-Bit Server VM (17.0.6+0-b2043.56-10027231, mixed mode, tiered, compressed oops, compressed class ptrs, g1 gc, windows-amd64)
GC Precious Log:
 CPUs: 8 total, 8 available
 Memory: 16230M
 Large Page Support: Disabled
 NUMA Support: Disabled
 Compressed Oops: Enabled (Zero based)
 Heap Region Size: 2M
 Heap Min Capacity: 8M
 Heap Initial Capacity: 254M
 Heap Max Capacity: 4058M
 Pre-touch: Disabled
 Parallel Workers: 8
 Concurrent Workers: 2
 Concurrent Refinement Workers: 8
 Periodic GC: Disabled
Heap:
 garbage-first heap   total 92160K, used 49566K [0x0000000702600000, 0x0000000800000000)
  region size 2048K, 6 young (12288K), 2 survivors (4096K)
 Metaspace       used 76772K, committed 76992K, reserved 1122304K
  class space    used 8299K, committed 8384K, reserved 1048576K
GC Heap History (20 events):
Event: 16.551 GC heap before
{Heap before GC invocations=11 (full 0):
 garbage-first heap   total 75776K, used 51963K [0x0000000702600000, 0x0000000800000000)
  region size 2048K, 15 young (30720K), 1 survivors (2048K)
 Metaspace       used 45797K, committed 46080K, reserved 1089536K
  class space    used 5479K, committed 5568K, reserved 1048576K
}
Event: 16.555 GC heap after
{Heap after GC invocations=12 (full 0):
 garbage-first heap   total 75776K, used 23708K [0x0000000702600000, 0x0000000800000000)
  region size 2048K, 1 young (2048K), 1 survivors (2048K)
 Metaspace       used 45797K, committed 46080K, reserved 1089536K
  class space    used 5479K, committed 5568K, reserved 1048576K
}
Event: 20.088 GC heap before
{Heap before GC invocations=12 (full 0):
 garbage-first heap   total 75776K, used 56476K [0x0000000702600000, 0x0000000800000000)
  region size 2048K, 17 young (34816K), 1 survivors (2048K)
 Metaspace       used 49907K, committed 50112K, reserved 1097728K
  class space    used 5905K, committed 6016K, reserved 1048576K
}
Event: 20.114 GC heap after
{Heap after GC invocations=13 (full 0):
 garbage-first heap   total 75776K, used 28902K [0x0000000702600000, 0x0000000800000000)
  region size 2048K, 3 young (6144K), 3 survivors (6144K)
 Metaspace       used 49907K, committed 50112K, reserved 1097728K
  class space    used 5905K, committed 6016K, reserved 1048576K
}
Event: 23.478 GC heap before
{Heap before GC invocations=13 (full 0):
 garbage-first heap   total 75776K, used 55526K [0x0000000702600000, 0x0000000800000000)
  region size 2048K, 16 young (32768K), 3 survivors (6144K)
 Metaspace       used 52646K, committed 52864K, reserved 1097728K
  class space    used 6102K, committed 6208K, reserved 1048576K
}
Event: 23.508 GC heap after
{Heap after GC invocations=14 (full 0):
 garbage-first heap   total 75776K, used 33013K [0x0000000702600000, 0x0000000800000000)
  region size 2048K, 2 young (4096K), 2 survivors (4096K)
 Metaspace       used 52646K, committed 52864K, reserved 1097728K
  class space    used 6102K, committed 6208K, reserved 1048576K
}
Event: 26.002 GC heap before
{Heap before GC invocations=14 (full 0):
 garbage-first heap   total 75776K, used 55541K [0x0000000702600000, 0x0000000800000000)
  region size 2048K, 13 young (26624K), 2 survivors (4096K)
 Metaspace       used 54025K, committed 54336K, reserved 1097728K
  class space    used 6142K, committed 6272K, reserved 1048576K
}
Event: 26.028 GC heap after
{Heap after GC invocations=15 (full 0):
 garbage-first heap   total 75776K, used 36214K [0x0000000702600000, 0x0000000800000000)
  region size 2048K, 2 young (4096K), 2 survivors (4096K)
 Metaspace       used 54025K, committed 54336K, reserved 1097728K
  class space    used 6142K, committed 6272K, reserved 1048576K
}
Event: 28.930 GC heap before
{Heap before GC invocations=15 (full 0):
 garbage-first heap   total 75776K, used 56694K [0x0000000702600000, 0x0000000800000000)
  region size 2048K, 12 young (24576K), 2 survivors (4096K)
 Metaspace       used 56432K, committed 56704K, reserved 1105920K
  class space    used 6368K, committed 6464K, reserved 1048576K
}
Event: 28.955 GC heap after
{Heap after GC invocations=16 (full 0):
 garbage-first heap   total 75776K, used 37129K [0x0000000702600000, 0x0000000800000000)
  region size 2048K, 1 young (2048K), 1 survivors (2048K)
 Metaspace       used 56432K, committed 56704K, reserved 1105920K
  class space    used 6368K, committed 6464K, reserved 1048576K
}
Event: 30.510 GC heap before
{Heap before GC invocations=16 (full 0):
 garbage-first heap   total 75776K, used 53513K [0x0000000702600000, 0x0000000800000000)
  region size 2048K, 10 young (20480K), 1 survivors (2048K)
 Metaspace       used 60081K, committed 60288K, reserved 1105920K
  class space    used 6726K, committed 6848K, reserved 1048576K
}
Event: 30.525 GC heap after
{Heap after GC invocations=17 (full 0):
 garbage-first heap   total 75776K, used 38404K [0x0000000702600000, 0x0000000800000000)
  region size 2048K, 2 young (4096K), 2 survivors (4096K)
 Metaspace       used 60081K, committed 60288K, reserved 1105920K
  class space    used 6726K, committed 6848K, reserved 1048576K
}
Event: 32.444 GC heap before
{Heap before GC invocations=18 (full 0):
 garbage-first heap   total 75776K, used 54788K [0x0000000702600000, 0x0000000800000000)
  region size 2048K, 11 young (22528K), 2 survivors (4096K)
 Metaspace       used 63865K, committed 64192K, reserved 1114112K
  class space    used 7163K, committed 7296K, reserved 1048576K
}
Event: 32.461 GC heap after
{Heap after GC invocations=19 (full 0):
 garbage-first heap   total 75776K, used 39964K [0x0000000702600000, 0x0000000800000000)
  region size 2048K, 2 young (4096K), 2 survivors (4096K)
 Metaspace       used 63865K, committed 64192K, reserved 1114112K
  class space    used 7163K, committed 7296K, reserved 1048576K
}
Event: 32.604 GC heap before
{Heap before GC invocations=19 (full 0):
 garbage-first heap   total 75776K, used 39964K [0x0000000702600000, 0x0000000800000000)
  region size 2048K, 3 young (6144K), 2 survivors (4096K)
 Metaspace       used 64428K, committed 64704K, reserved 1114112K
  class space    used 7215K, committed 7296K, reserved 1048576K
}
Event: 32.621 GC heap after
{Heap after GC invocations=20 (full 0):
 garbage-first heap   total 92160K, used 40044K [0x0000000702600000, 0x0000000800000000)
  region size 2048K, 1 young (2048K), 1 survivors (2048K)
 Metaspace       used 64428K, committed 64704K, reserved 1114112K
  class space    used 7215K, committed 7296K, reserved 1048576K
}
Event: 34.690 GC heap before
{Heap before GC invocations=20 (full 0):
 garbage-first heap   total 92160K, used 66668K [0x0000000702600000, 0x0000000800000000)
  region size 2048K, 15 young (30720K), 1 survivors (2048K)
 Metaspace       used 70924K, committed 71232K, reserved 1114112K
  class space    used 7825K, committed 7936K, reserved 1048576K
}
Event: 34.699 GC heap after
{Heap after GC invocations=21 (full 0):
 garbage-first heap   total 92160K, used 41314K [0x0000000702600000, 0x0000000800000000)
  region size 2048K, 1 young (2048K), 1 survivors (2048K)
 Metaspace       used 70924K, committed 71232K, reserved 1114112K
  class space    used 7825K, committed 7936K, reserved 1048576K
}
Event: 37.662 GC heap before
{Heap before GC invocations=21 (full 0):
 garbage-first heap   total 92160K, used 67938K [0x0000000702600000, 0x0000000800000000)
  region size 2048K, 15 young (30720K), 1 survivors (2048K)
 Metaspace       used 76218K, committed 76480K, reserved 1122304K
  class space    used 8269K, committed 8384K, reserved 1048576K
}
Event: 37.675 GC heap after
{Heap after GC invocations=22 (full 0):
 garbage-first heap   total 92160K, used 43422K [0x0000000702600000, 0x0000000800000000)
  region size 2048K, 2 young (4096K), 2 survivors (4096K)
 Metaspace       used 76218K, committed 76480K, reserved 1122304K
  class space    used 8269K, committed 8384K, reserved 1048576K
}

